生成启动时间为 2017/3/5 13:07:27。
     1>项目“E:\sync_directory\workspace\PSBA\PSBA\PSBA.vcxproj”在节点 2 上(Build 个目标)。
     1>ClCompile:
         D:\Program Files (x86)\Microsoft Visual Studio 14.0\VC\bin\CL.exe /c /ZI /nologo /W3 /WX- /sdl /Od /Oy- /D WIN32 /D _DEBUG /D _CONSOLE /D _UNICODE /D UNICODE /Gm /EHsc /RTC1 /MDd /GS /fp:precise /Zc:wchar_t /Zc:forScope /Zc:inline /Yc"stdafx.h" /Fp"Debug\PSBA.pch" /Fo"Debug\\" /Fd"Debug\vc140.pdb" /Gd /TP /analyze- /errorReport:prompt stdafx.cpp
         stdafx.cpp
         D:\Program Files (x86)\Microsoft Visual Studio 14.0\VC\bin\CL.exe /c /ZI /nologo /W3 /WX- /sdl /Od /Oy- /D WIN32 /D _DEBUG /D _CONSOLE /D _UNICODE /D UNICODE /Gm /EHsc /RTC1 /MDd /GS /fp:precise /Zc:wchar_t /Zc:forScope /Zc:inline /Yu"stdafx.h" /Fp"Debug\PSBA.pch" /Fo"Debug\\" /Fd"Debug\vc140.pdb" /Gd /TP /analyze- /errorReport:prompt cl_linearalg.cpp cl_spdinv.cpp cl_psba.cpp levmar_func_cpu.cpp sba_func.cpp levmar.cpp main.cpp misc.cpp readparams.cpp
         readparams.cpp
     1>e:\sync_directory\workspace\psba\psba\readparams.cpp(65): warning C4477: 'fscanf_s' : format string '%f' requires an argument of type 'float *', but variadic argument 1 has type 'double *'
         e:\sync_directory\workspace\psba\psba\readparams.cpp(65): note: consider using '%lf' in the format string
         misc.cpp
         main.cpp
     1>e:\sync_directory\workspace\psba\psba\cl_psba.h(5): fatal error C1083: 无法打开包括文件: “CL/cl.h”: No such file or directory
         levmar.cpp
     1>e:\sync_directory\workspace\psba\psba\cl_psba.h(5): fatal error C1083: 无法打开包括文件: “CL/cl.h”: No such file or directory
         sba_func.cpp
     1>e:\sync_directory\workspace\psba\psba\cl_psba.h(5): fatal error C1083: 无法打开包括文件: “CL/cl.h”: No such file or directory
         levmar_func_cpu.cpp
         cl_psba.cpp
     1>e:\sync_directory\workspace\psba\psba\cl_psba.h(5): fatal error C1083: 无法打开包括文件: “CL/cl.h”: No such file or directory
         cl_spdinv.cpp
     1>e:\sync_directory\workspace\psba\psba\cl_psba.h(5): fatal error C1083: 无法打开包括文件: “CL/cl.h”: No such file or directory
         cl_linearalg.cpp
     1>e:\sync_directory\workspace\psba\psba\cl_psba.h(5): fatal error C1083: 无法打开包括文件: “CL/cl.h”: No such file or directory
         正在生成代码...
     1>已完成生成项目“E:\sync_directory\workspace\PSBA\PSBA\PSBA.vcxproj”(Build 个目标)的操作 - 失败。

生成失败。

已用时间 00:00:01.67
