e:\sync_directory\workspace\bundle_adjustment\bundle_adjustment\x64\debug\bundle_adjustment.pch
e:\sync_directory\workspace\bundle_adjustment\bundle_adjustment\x64\debug\vc140.pdb
e:\sync_directory\workspace\bundle_adjustment\bundle_adjustment\x64\debug\vc140.idb
e:\sync_directory\workspace\bundle_adjustment\bundle_adjustment\x64\debug\stdafx.obj
e:\sync_directory\workspace\bundle_adjustment\bundle_adjustment\x64\debug\cl_psba.obj
e:\sync_directory\workspace\bundle_adjustment\bundle_adjustment\x64\debug\levmar_func_cpu.obj
e:\sync_directory\workspace\bundle_adjustment\bundle_adjustment\x64\debug\linearalg.obj
e:\sync_directory\workspace\bundle_adjustment\bundle_adjustment\x64\debug\levmar_fuc.obj
e:\sync_directory\workspace\bundle_adjustment\bundle_adjustment\x64\debug\levmar.obj
e:\sync_directory\workspace\bundle_adjustment\bundle_adjustment\x64\debug\main.obj
e:\sync_directory\workspace\bundle_adjustment\bundle_adjustment\x64\debug\misc.obj
e:\sync_directory\workspace\bundle_adjustment\bundle_adjustment\x64\debug\readparams.obj
e:\sync_directory\workspace\bundle_adjustment\bundle_adjustment\x64\debug\structs.obj
e:\sync_directory\workspace\bundle_adjustment\x64\debug\bundle_adjustment.ilk
e:\sync_directory\workspace\bundle_adjustment\x64\debug\bundle_adjustment.exe
e:\sync_directory\workspace\bundle_adjustment\x64\debug\bundle_adjustment.pdb
e:\sync_directory\workspace\bundle_adjustment\bundle_adjustment\x64\debug\bundle_a.f0e09b9e.tlog\cl.command.1.tlog
e:\sync_directory\workspace\bundle_adjustment\bundle_adjustment\x64\debug\bundle_a.f0e09b9e.tlog\cl.read.1.tlog
e:\sync_directory\workspace\bundle_adjustment\bundle_adjustment\x64\debug\bundle_a.f0e09b9e.tlog\cl.write.1.tlog
e:\sync_directory\workspace\bundle_adjustment\bundle_adjustment\x64\debug\bundle_a.f0e09b9e.tlog\link.command.1.tlog
e:\sync_directory\workspace\bundle_adjustment\bundle_adjustment\x64\debug\bundle_a.f0e09b9e.tlog\link.read.1.tlog
e:\sync_directory\workspace\bundle_adjustment\bundle_adjustment\x64\debug\bundle_a.f0e09b9e.tlog\link.write.1.tlog
