生成启动时间为 2016/12/5 20:30:13。
     1>项目“E:\sync_directory\workspace\bundle_adjustment\bundle_adjustment\bundle_adjustment.vcxproj”在节点 2 上(Build 个目标)。
     1>ClCompile:
         D:\Program Files (x86)\Microsoft Visual Studio 14.0\VC\bin\x86_amd64\CL.exe /c /ZI /nologo /W3 /WX- /sdl /Od /D _DEBUG /D _CONSOLE /D _UNICODE /D UNICODE /Gm /EHsc /RTC1 /MDd /GS /fp:precise /Zc:wchar_t /Zc:forScope /Zc:inline /Yu"stdafx.h" /Fp"x64\Debug\bundle_adjustment.pch" /Fo"x64\Debug\\" /Fd"x64\Debug\vc140.pdb" /Gd /TP /errorReport:prompt linearalg.cpp
         linearalg.cpp
     1>e:\sync_directory\workspace\bundle_adjustment\bundle_adjustment\linearalg.cpp(236): warning C4838: 从“int”转换到“size_t”需要收缩转换
     1>e:\sync_directory\workspace\bundle_adjustment\bundle_adjustment\linearalg.cpp(280): warning C4267: “初始化”: 从“size_t”转换到“int”，可能丢失数据
     1>e:\sync_directory\workspace\bundle_adjustment\bundle_adjustment\linearalg.cpp(294): warning C4838: 从“int”转换到“size_t”需要收缩转换
     1>e:\sync_directory\workspace\bundle_adjustment\bundle_adjustment\linearalg.cpp(467): warning C4838: 从“int”转换到“size_t”需要收缩转换
     1>e:\sync_directory\workspace\bundle_adjustment\bundle_adjustment\linearalg.cpp(453): warning C4101: “queue_device”: 未引用的局部变量
     1>e:\sync_directory\workspace\bundle_adjustment\bundle_adjustment\linearalg.cpp(516): warning C4267: “初始化”: 从“size_t”转换到“int”，可能丢失数据
     1>e:\sync_directory\workspace\bundle_adjustment\bundle_adjustment\linearalg.cpp(528): warning C4838: 从“int”转换到“size_t”需要收缩转换
     1>e:\sync_directory\workspace\bundle_adjustment\bundle_adjustment\linearalg.cpp(507): warning C4101: “queue_device”: 未引用的局部变量
     1>e:\sync_directory\workspace\bundle_adjustment\bundle_adjustment\linearalg.cpp(617): warning C4838: 从“int”转换到“size_t”需要收缩转换
       Link:
         D:\Program Files (x86)\Microsoft Visual Studio 14.0\VC\bin\x86_amd64\link.exe /ERRORREPORT:PROMPT /OUT:"E:\sync_directory\workspace\bundle_adjustment\x64\Debug\bundle_adjustment.exe" /INCREMENTAL /NOLOGO OpenCL.lib kernel32.lib user32.lib gdi32.lib winspool.lib comdlg32.lib advapi32.lib shell32.lib ole32.lib oleaut32.lib uuid.lib odbc32.lib odbccp32.lib /MANIFEST /MANIFESTUAC:"level='asInvoker' uiAccess='false'" /manifest:embed /Debug /PDB:"E:\sync_directory\workspace\bundle_adjustment\x64\Debug\bundle_adjustment.pdb" /SUBSYSTEM:CONSOLE /TLBID:1 /DYNAMICBASE /NXCOMPAT /IMPLIB:"E:\sync_directory\workspace\bundle_adjustment\x64\Debug\bundle_adjustment.lib" /MACHINE:X64 x64\Debug\cl_psba.obj
         x64\Debug\levmar_func_cpu.obj
         x64\Debug\linearalg.obj
         x64\Debug\levmar_fuc.obj
         x64\Debug\levmar.obj
         x64\Debug\main.obj
         x64\Debug\misc.obj
         x64\Debug\readparams.obj
         x64\Debug\stdafx.obj
         x64\Debug\structs.obj
         bundle_adjustment.vcxproj -> E:\sync_directory\workspace\bundle_adjustment\x64\Debug\bundle_adjustment.exe
     1>已完成生成项目“E:\sync_directory\workspace\bundle_adjustment\bundle_adjustment\bundle_adjustment.vcxproj”(Build 个目标)的操作。

已成功生成。

已用时间 00:00:00.99
