e:\sync_directory\workspace\psba\psba\x64\debug\psba.pch
e:\sync_directory\workspace\psba\psba\x64\debug\vc140.pdb
e:\sync_directory\workspace\psba\psba\x64\debug\vc140.idb
e:\sync_directory\workspace\psba\psba\x64\debug\stdafx.obj
e:\sync_directory\workspace\psba\psba\x64\debug\cl_cholmod.obj
e:\sync_directory\workspace\psba\psba\x64\debug\cl_linearalg.obj
e:\sync_directory\workspace\psba\psba\x64\debug\cl_spdinv.obj
e:\sync_directory\workspace\psba\psba\x64\debug\cl_psba.obj
e:\sync_directory\workspace\psba\psba\x64\debug\levmar_func_cpu.obj
e:\sync_directory\workspace\psba\psba\x64\debug\sba_func.obj
e:\sync_directory\workspace\psba\psba\x64\debug\levmar.obj
e:\sync_directory\workspace\psba\psba\x64\debug\main.obj
e:\sync_directory\workspace\psba\psba\x64\debug\misc.obj
e:\sync_directory\workspace\psba\psba\x64\debug\readparams.obj
e:\sync_directory\workspace\psba\psba\x64\debug\trust_region.obj
e:\sync_directory\workspace\psba\x64\debug\psba.ilk
e:\sync_directory\workspace\psba\x64\debug\psba.exe
e:\sync_directory\workspace\psba\x64\debug\psba.pdb
e:\sync_directory\workspace\psba\psba\x64\debug\psba.tlog\cl.command.1.tlog
e:\sync_directory\workspace\psba\psba\x64\debug\psba.tlog\cl.read.1.tlog
e:\sync_directory\workspace\psba\psba\x64\debug\psba.tlog\cl.write.1.tlog
e:\sync_directory\workspace\psba\psba\x64\debug\psba.tlog\link.command.1.tlog
e:\sync_directory\workspace\psba\psba\x64\debug\psba.tlog\link.read.1.tlog
e:\sync_directory\workspace\psba\psba\x64\debug\psba.tlog\link.write.1.tlog
